2025-09-01 23:35:36.927 [main] INFO  c.e.u.FitZone.FitZoneApplication - Starting FitZoneApplication using Java 21.0.8 with PID 15172 (D:\Software 3\Project-FitZone\FitZone - Backend\target\classes started by garci in D:\Software 3\Project-FitZone\FitZone - Backend)
2025-09-01 23:35:36.930 [main] INFO  c.e.u.FitZone.FitZoneApplication - No active profile set, falling back to 1 default profile: "default"
2025-09-01 23:35:38.658 [main] INFO  o.s.d.r.c.RepositoryConfigurationDelegate - Bootstrapping Spring Data JPA repositories in DEFAULT mode.
2025-09-01 23:35:38.807 [main] INFO  o.s.d.r.c.RepositoryConfigurationDelegate - Finished Spring Data repository scanning in 137 ms. Found 5 JPA repository interfaces.
2025-09-01 23:35:39.990 [main] INFO  o.s.b.w.e.tomcat.TomcatWebServer - Tomcat initialized with port 8080 (http)
2025-09-01 23:35:40.007 [main] INFO  o.a.catalina.core.StandardService - Starting service [Tomcat]
2025-09-01 23:35:40.009 [main] INFO  o.a.catalina.core.StandardEngine - Starting Servlet engine: [Apache Tomcat/10.1.43]
2025-09-01 23:35:40.084 [main] INFO  o.a.c.c.C.[Tomcat].[localhost].[/] - Initializing Spring embedded WebApplicationContext
2025-09-01 23:35:40.085 [main] INFO  o.s.b.w.s.c.ServletWebServerApplicationContext - Root WebApplicationContext: initialization completed in 3101 ms
2025-09-01 23:35:40.131 [main] ERROR o.s.b.w.e.tomcat.TomcatStarter - Error starting Tomcat context. Exception: org.springframework.beans.factory.UnsatisfiedDependencyException. Message: Error creating bean with name 'jwtRequestFilter' defined in file [D:\Software 3\Project-FitZone\FitZone - Backend\target\classes\co\edu\uniquindio\FitZone\config\JwtRequestFilter.class]: Unsatisfied dependency expressed through constructor parameter 0: Error creating bean with name 'userDetailsServiceImpl' defined in file [D:\Software 3\Project-FitZone\FitZone - Backend\target\classes\co\edu\uniquindio\FitZone\service\impl\UserDetailsServiceImpl.class]: Unsatisfied dependency expressed through constructor parameter 0: Error creating bean with name 'userRepository' defined in co.edu.uniquindio.FitZone.repository.UserRepository defined in @EnableJpaRepositories declared on JpaRepositoriesRegistrar.EnableJpaRepositoriesConfiguration: Cannot resolve reference to bean 'jpaSharedEM_entityManagerFactory' while setting bean property 'entityManager'
2025-09-01 23:35:40.159 [main] INFO  o.a.catalina.core.StandardService - Stopping service [Tomcat]
2025-09-01 23:35:40.170 [main] WARN  o.s.b.w.s.c.AnnotationConfigServletWebServerApplicationContext - Exception encountered during context initialization - cancelling refresh attempt: org.springframework.context.ApplicationContextException: Unable to start web server
2025-09-01 23:35:40.180 [main] INFO  o.s.b.a.l.ConditionEvaluationReportLogger - 

Error starting ApplicationContext. To display the condition evaluation report re-run your application with 'debug' enabled.
2025-09-01 23:35:40.221 [main] ERROR o.s.b.d.LoggingFailureAnalysisReporter - 

***************************
APPLICATION FAILED TO START
***************************

Description:

Failed to configure a DataSource: 'url' attribute is not specified and no embedded datasource could be configured.

Reason: Failed to determine a suitable driver class


Action:

Consider the following:
	If you want an embedded database (H2, HSQL or Derby), please put it on the classpath.
	If you have database settings to be loaded from a particular profile you may need to activate it (no profiles are currently active).

2025-09-01 23:38:08.546 [main] INFO  c.e.u.FitZone.FitZoneApplication - Starting FitZoneApplication using Java 21.0.8 with PID 15696 (D:\Software 3\Project-FitZone\FitZone - Backend\target\classes started by garci in D:\Software 3\Project-FitZone\FitZone - Backend)
2025-09-01 23:38:08.550 [main] INFO  c.e.u.FitZone.FitZoneApplication - No active profile set, falling back to 1 default profile: "default"
2025-09-01 23:38:09.752 [main] INFO  o.s.d.r.c.RepositoryConfigurationDelegate - Bootstrapping Spring Data JPA repositories in DEFAULT mode.
2025-09-01 23:38:09.848 [main] INFO  o.s.d.r.c.RepositoryConfigurationDelegate - Finished Spring Data repository scanning in 90 ms. Found 5 JPA repository interfaces.
2025-09-01 23:38:11.186 [main] INFO  o.s.b.w.e.tomcat.TomcatWebServer - Tomcat initialized with port 8080 (http)
2025-09-01 23:38:11.230 [main] INFO  o.a.catalina.core.StandardService - Starting service [Tomcat]
2025-09-01 23:38:11.232 [main] INFO  o.a.catalina.core.StandardEngine - Starting Servlet engine: [Apache Tomcat/10.1.43]
2025-09-01 23:38:11.356 [main] INFO  o.a.c.c.C.[Tomcat].[localhost].[/] - Initializing Spring embedded WebApplicationContext
2025-09-01 23:38:11.356 [main] INFO  o.s.b.w.s.c.ServletWebServerApplicationContext - Root WebApplicationContext: initialization completed in 2735 ms
2025-09-01 23:38:11.500 [main] ERROR o.s.b.w.e.tomcat.TomcatStarter - Error starting Tomcat context. Exception: org.springframework.beans.factory.UnsatisfiedDependencyException. Message: Error creating bean with name 'jwtRequestFilter' defined in file [D:\Software 3\Project-FitZone\FitZone - Backend\target\classes\co\edu\uniquindio\FitZone\config\JwtRequestFilter.class]: Unsatisfied dependency expressed through constructor parameter 0: Error creating bean with name 'userDetailsServiceImpl' defined in file [D:\Software 3\Project-FitZone\FitZone - Backend\target\classes\co\edu\uniquindio\FitZone\service\impl\UserDetailsServiceImpl.class]: Unsatisfied dependency expressed through constructor parameter 0: Error creating bean with name 'userRepository' defined in co.edu.uniquindio.FitZone.repository.UserRepository defined in @EnableJpaRepositories declared on JpaRepositoriesRegistrar.EnableJpaRepositoriesConfiguration: Cannot resolve reference to bean 'jpaSharedEM_entityManagerFactory' while setting bean property 'entityManager'
2025-09-01 23:38:11.626 [main] INFO  o.a.catalina.core.StandardService - Stopping service [Tomcat]
2025-09-01 23:38:11.648 [main] WARN  o.s.b.w.s.c.AnnotationConfigServletWebServerApplicationContext - Exception encountered during context initialization - cancelling refresh attempt: org.springframework.context.ApplicationContextException: Unable to start web server
2025-09-01 23:38:11.667 [main] INFO  o.s.b.a.l.ConditionEvaluationReportLogger - 

Error starting ApplicationContext. To display the condition evaluation report re-run your application with 'debug' enabled.
2025-09-01 23:38:11.713 [main] ERROR o.s.b.d.LoggingFailureAnalysisReporter - 

***************************
APPLICATION FAILED TO START
***************************

Description:

Failed to configure a DataSource: 'url' attribute is not specified and no embedded datasource could be configured.

Reason: Failed to determine a suitable driver class


Action:

Consider the following:
	If you want an embedded database (H2, HSQL or Derby), please put it on the classpath.
	If you have database settings to be loaded from a particular profile you may need to activate it (no profiles are currently active).

2025-09-01 23:47:15.400 [main] INFO  c.e.u.FitZone.FitZoneApplication - Starting FitZoneApplication using Java 21.0.8 with PID 12724 (D:\Software 3\Project-FitZone\FitZone - Backend\target\classes started by garci in D:\Software 3\Project-FitZone\FitZone - Backend)
2025-09-01 23:47:15.417 [main] INFO  c.e.u.FitZone.FitZoneApplication - No active profile set, falling back to 1 default profile: "default"
2025-09-01 23:47:16.701 [main] INFO  o.s.d.r.c.RepositoryConfigurationDelegate - Bootstrapping Spring Data JPA repositories in DEFAULT mode.
2025-09-01 23:47:16.812 [main] INFO  o.s.d.r.c.RepositoryConfigurationDelegate - Finished Spring Data repository scanning in 94 ms. Found 5 JPA repository interfaces.
2025-09-01 23:47:17.599 [main] INFO  o.s.b.w.e.tomcat.TomcatWebServer - Tomcat initialized with port 8080 (http)
2025-09-01 23:47:17.614 [main] INFO  o.a.catalina.core.StandardService - Starting service [Tomcat]
2025-09-01 23:47:17.614 [main] INFO  o.a.catalina.core.StandardEngine - Starting Servlet engine: [Apache Tomcat/10.1.43]
2025-09-01 23:47:17.677 [main] INFO  o.a.c.c.C.[Tomcat].[localhost].[/] - Initializing Spring embedded WebApplicationContext
2025-09-01 23:47:17.678 [main] INFO  o.s.b.w.s.c.ServletWebServerApplicationContext - Root WebApplicationContext: initialization completed in 2195 ms
2025-09-01 23:47:17.723 [main] ERROR o.s.b.w.e.tomcat.TomcatStarter - Error starting Tomcat context. Exception: org.springframework.beans.factory.UnsatisfiedDependencyException. Message: Error creating bean with name 'jwtRequestFilter' defined in file [D:\Software 3\Project-FitZone\FitZone - Backend\target\classes\co\edu\uniquindio\FitZone\config\JwtRequestFilter.class]: Unsatisfied dependency expressed through constructor parameter 0: Error creating bean with name 'userDetailsServiceImpl' defined in file [D:\Software 3\Project-FitZone\FitZone - Backend\target\classes\co\edu\uniquindio\FitZone\service\impl\UserDetailsServiceImpl.class]: Unsatisfied dependency expressed through constructor parameter 0: Error creating bean with name 'userRepository' defined in co.edu.uniquindio.FitZone.repository.UserRepository defined in @EnableJpaRepositories declared on JpaRepositoriesRegistrar.EnableJpaRepositoriesConfiguration: Cannot resolve reference to bean 'jpaSharedEM_entityManagerFactory' while setting bean property 'entityManager'
2025-09-01 23:47:17.754 [main] INFO  o.a.catalina.core.StandardService - Stopping service [Tomcat]
2025-09-01 23:47:17.768 [main] WARN  o.s.b.w.s.c.AnnotationConfigServletWebServerApplicationContext - Exception encountered during context initialization - cancelling refresh attempt: org.springframework.context.ApplicationContextException: Unable to start web server
2025-09-01 23:47:17.778 [main] INFO  o.s.b.a.l.ConditionEvaluationReportLogger - 

Error starting ApplicationContext. To display the condition evaluation report re-run your application with 'debug' enabled.
2025-09-01 23:47:17.799 [main] ERROR o.s.b.d.LoggingFailureAnalysisReporter - 

***************************
APPLICATION FAILED TO START
***************************

Description:

Failed to configure a DataSource: 'url' attribute is not specified and no embedded datasource could be configured.

Reason: Failed to determine a suitable driver class


Action:

Consider the following:
	If you want an embedded database (H2, HSQL or Derby), please put it on the classpath.
	If you have database settings to be loaded from a particular profile you may need to activate it (no profiles are currently active).

2025-09-01 23:47:29.514 [main] INFO  c.e.u.FitZone.FitZoneApplication - Starting FitZoneApplication using Java 21.0.8 with PID 740 (D:\Software 3\Project-FitZone\FitZone - Backend\target\classes started by garci in D:\Software 3\Project-FitZone\FitZone - Backend)
2025-09-01 23:47:29.523 [main] INFO  c.e.u.FitZone.FitZoneApplication - No active profile set, falling back to 1 default profile: "default"
2025-09-01 23:47:31.112 [main] INFO  o.s.d.r.c.RepositoryConfigurationDelegate - Bootstrapping Spring Data JPA repositories in DEFAULT mode.
2025-09-01 23:47:31.249 [main] INFO  o.s.d.r.c.RepositoryConfigurationDelegate - Finished Spring Data repository scanning in 125 ms. Found 5 JPA repository interfaces.
2025-09-01 23:47:32.067 [main] INFO  o.s.b.w.e.tomcat.TomcatWebServer - Tomcat initialized with port 8080 (http)
2025-09-01 23:47:32.084 [main] INFO  o.a.catalina.core.StandardService - Starting service [Tomcat]
2025-09-01 23:47:32.085 [main] INFO  o.a.catalina.core.StandardEngine - Starting Servlet engine: [Apache Tomcat/10.1.43]
2025-09-01 23:47:32.202 [main] INFO  o.a.c.c.C.[Tomcat].[localhost].[/] - Initializing Spring embedded WebApplicationContext
2025-09-01 23:47:32.204 [main] INFO  o.s.b.w.s.c.ServletWebServerApplicationContext - Root WebApplicationContext: initialization completed in 2624 ms
2025-09-01 23:47:32.255 [main] ERROR o.s.b.w.e.tomcat.TomcatStarter - Error starting Tomcat context. Exception: org.springframework.beans.factory.UnsatisfiedDependencyException. Message: Error creating bean with name 'jwtRequestFilter' defined in file [D:\Software 3\Project-FitZone\FitZone - Backend\target\classes\co\edu\uniquindio\FitZone\config\JwtRequestFilter.class]: Unsatisfied dependency expressed through constructor parameter 0: Error creating bean with name 'userDetailsServiceImpl' defined in file [D:\Software 3\Project-FitZone\FitZone - Backend\target\classes\co\edu\uniquindio\FitZone\service\impl\UserDetailsServiceImpl.class]: Unsatisfied dependency expressed through constructor parameter 0: Error creating bean with name 'userRepository' defined in co.edu.uniquindio.FitZone.repository.UserRepository defined in @EnableJpaRepositories declared on JpaRepositoriesRegistrar.EnableJpaRepositoriesConfiguration: Cannot resolve reference to bean 'jpaSharedEM_entityManagerFactory' while setting bean property 'entityManager'
2025-09-01 23:47:32.316 [main] INFO  o.a.catalina.core.StandardService - Stopping service [Tomcat]
2025-09-01 23:47:32.330 [main] WARN  o.s.b.w.s.c.AnnotationConfigServletWebServerApplicationContext - Exception encountered during context initialization - cancelling refresh attempt: org.springframework.context.ApplicationContextException: Unable to start web server
2025-09-01 23:47:32.339 [main] INFO  o.s.b.a.l.ConditionEvaluationReportLogger - 

Error starting ApplicationContext. To display the condition evaluation report re-run your application with 'debug' enabled.
2025-09-01 23:47:32.361 [main] ERROR o.s.b.d.LoggingFailureAnalysisReporter - 

***************************
APPLICATION FAILED TO START
***************************

Description:

Failed to configure a DataSource: 'url' attribute is not specified and no embedded datasource could be configured.

Reason: Failed to determine a suitable driver class


Action:

Consider the following:
	If you want an embedded database (H2, HSQL or Derby), please put it on the classpath.
	If you have database settings to be loaded from a particular profile you may need to activate it (no profiles are currently active).

2025-09-01 23:51:11.283 [main] INFO  c.e.u.FitZone.FitZoneApplication - Starting FitZoneApplication using Java 21.0.8 with PID 12756 (D:\Software 3\Project-FitZone\FitZone - Backend\target\classes started by garci in D:\Software 3\Project-FitZone\FitZone - Backend)
2025-09-01 23:51:11.288 [main] INFO  c.e.u.FitZone.FitZoneApplication - No active profile set, falling back to 1 default profile: "default"
2025-09-01 23:51:12.369 [main] INFO  o.s.d.r.c.RepositoryConfigurationDelegate - Bootstrapping Spring Data JPA repositories in DEFAULT mode.
2025-09-01 23:51:12.482 [main] INFO  o.s.d.r.c.RepositoryConfigurationDelegate - Finished Spring Data repository scanning in 101 ms. Found 5 JPA repository interfaces.
2025-09-01 23:51:13.224 [main] INFO  o.s.b.w.e.tomcat.TomcatWebServer - Tomcat initialized with port 8080 (http)
2025-09-01 23:51:13.241 [main] INFO  o.a.catalina.core.StandardService - Starting service [Tomcat]
2025-09-01 23:51:13.241 [main] INFO  o.a.catalina.core.StandardEngine - Starting Servlet engine: [Apache Tomcat/10.1.43]
2025-09-01 23:51:13.314 [main] INFO  o.a.c.c.C.[Tomcat].[localhost].[/] - Initializing Spring embedded WebApplicationContext
2025-09-01 23:51:13.314 [main] INFO  o.s.b.w.s.c.ServletWebServerApplicationContext - Root WebApplicationContext: initialization completed in 1962 ms
2025-09-01 23:51:13.591 [main] INFO  o.h.jpa.internal.util.LogHelper - HHH000204: Processing PersistenceUnitInfo [name: default]
2025-09-01 23:51:13.693 [main] INFO  org.hibernate.Version - HHH000412: Hibernate ORM core version 6.6.22.Final
2025-09-01 23:51:13.745 [main] INFO  o.h.c.i.RegionFactoryInitiator - HHH000026: Second-level cache disabled
2025-09-01 23:51:14.095 [main] INFO  o.s.o.j.p.SpringPersistenceUnitInfo - No LoadTimeWeaver setup: ignoring JPA class transformer
2025-09-01 23:51:14.131 [main] INFO  com.zaxxer.hikari.HikariDataSource - HikariPool-1 - Starting...
2025-09-01 23:51:14.366 [main] INFO  com.zaxxer.hikari.pool.HikariPool - HikariPool-1 - Added connection org.postgresql.jdbc.PgConnection@59f3426f
2025-09-01 23:51:14.370 [main] INFO  com.zaxxer.hikari.HikariDataSource - HikariPool-1 - Start completed.
2025-09-01 23:51:14.412 [main] WARN  org.hibernate.orm.deprecation - HHH90000025: PostgreSQLDialect does not need to be specified explicitly using 'hibernate.dialect' (remove the property setting and it will be selected by default)
2025-09-01 23:51:14.443 [main] INFO  o.hibernate.orm.connections.pooling - HHH10001005: Database info:
	Database JDBC URL [Connecting through datasource 'HikariDataSource (HikariPool-1)']
	Database driver: undefined/unknown
	Database version: 16.9
	Autocommit mode: undefined/unknown
	Isolation level: undefined/unknown
	Minimum pool size: undefined/unknown
	Maximum pool size: undefined/unknown
2025-09-01 23:51:16.020 [main] INFO  o.h.e.t.j.p.i.JtaPlatformInitiator - HHH000489: No JTA platform available (set 'hibernate.transaction.jta.platform' to enable JTA platform integration)
2025-09-01 23:51:16.415 [main] INFO  o.s.o.j.LocalContainerEntityManagerFactoryBean - Initialized JPA EntityManagerFactory for persistence unit 'default'
2025-09-01 23:51:16.944 [main] INFO  o.s.s.c.a.a.c.InitializeUserDetailsBeanManagerConfigurer$InitializeUserDetailsManagerConfigurer - Global AuthenticationManager configured with UserDetailsService bean with name userDetailsServiceImpl
2025-09-01 23:51:16.973 [main] WARN  o.s.b.a.t.ThymeleafAutoConfiguration$DefaultTemplateResolverConfiguration - Cannot find template location: classpath:/templates/ (please add some templates, check your Thymeleaf configuration, or set spring.thymeleaf.check-template-location=false)
2025-09-01 23:51:17.101 [main] WARN  o.s.b.a.o.j.JpaBaseConfiguration$JpaWebConfiguration - spring.jpa.open-in-view is enabled by default. Therefore, database queries may be performed during view rendering. Explicitly configure spring.jpa.open-in-view to disable this warning
2025-09-01 23:51:17.800 [main] INFO  o.s.b.w.e.tomcat.TomcatWebServer - Tomcat started on port 8080 (http) with context path '/'
2025-09-01 23:51:17.816 [main] INFO  c.e.u.FitZone.FitZoneApplication - Started FitZoneApplication in 7.261 seconds (process running for 8.012)
2025-09-01 23:53:06.130 [SpringApplicationShutdownHook] INFO  o.s.b.w.e.tomcat.GracefulShutdown - Commencing graceful shutdown. Waiting for active requests to complete
2025-09-01 23:53:06.148 [tomcat-shutdown] INFO  o.s.b.w.e.tomcat.GracefulShutdown - Graceful shutdown complete
2025-09-01 23:53:06.165 [SpringApplicationShutdownHook] INFO  o.s.o.j.LocalContainerEntityManagerFactoryBean - Closing JPA EntityManagerFactory for persistence unit 'default'
2025-09-01 23:53:06.187 [SpringApplicationShutdownHook] INFO  com.zaxxer.hikari.HikariDataSource - HikariPool-1 - Shutdown initiated...
2025-09-01 23:53:06.212 [SpringApplicationShutdownHook] INFO  com.zaxxer.hikari.HikariDataSource - HikariPool-1 - Shutdown completed.
2025-09-01 23:53:18.595 [main] INFO  c.e.u.FitZone.FitZoneApplication - Starting FitZoneApplication using Java 21.0.8 with PID 3196 (D:\Software 3\Project-FitZone\FitZone - Backend\target\classes started by garci in D:\Software 3\Project-FitZone\FitZone - Backend)
2025-09-01 23:53:18.598 [main] INFO  c.e.u.FitZone.FitZoneApplication - No active profile set, falling back to 1 default profile: "default"
2025-09-01 23:53:19.643 [main] INFO  o.s.d.r.c.RepositoryConfigurationDelegate - Bootstrapping Spring Data JPA repositories in DEFAULT mode.
2025-09-01 23:53:19.743 [main] INFO  o.s.d.r.c.RepositoryConfigurationDelegate - Finished Spring Data repository scanning in 88 ms. Found 5 JPA repository interfaces.
2025-09-01 23:53:20.457 [main] INFO  o.s.b.w.e.tomcat.TomcatWebServer - Tomcat initialized with port 8080 (http)
2025-09-01 23:53:20.474 [main] INFO  o.a.catalina.core.StandardService - Starting service [Tomcat]
2025-09-01 23:53:20.474 [main] INFO  o.a.catalina.core.StandardEngine - Starting Servlet engine: [Apache Tomcat/10.1.43]
2025-09-01 23:53:20.544 [main] INFO  o.a.c.c.C.[Tomcat].[localhost].[/] - Initializing Spring embedded WebApplicationContext
2025-09-01 23:53:20.544 [main] INFO  o.s.b.w.s.c.ServletWebServerApplicationContext - Root WebApplicationContext: initialization completed in 1894 ms
2025-09-01 23:53:20.785 [main] INFO  o.h.jpa.internal.util.LogHelper - HHH000204: Processing PersistenceUnitInfo [name: default]
2025-09-01 23:53:20.835 [main] INFO  org.hibernate.Version - HHH000412: Hibernate ORM core version 6.6.22.Final
2025-09-01 23:53:20.872 [main] INFO  o.h.c.i.RegionFactoryInitiator - HHH000026: Second-level cache disabled
2025-09-01 23:53:21.240 [main] INFO  o.s.o.j.p.SpringPersistenceUnitInfo - No LoadTimeWeaver setup: ignoring JPA class transformer
2025-09-01 23:53:21.271 [main] INFO  com.zaxxer.hikari.HikariDataSource - HikariPool-1 - Starting...
2025-09-01 23:53:21.512 [main] INFO  com.zaxxer.hikari.pool.HikariPool - HikariPool-1 - Added connection org.postgresql.jdbc.PgConnection@280d5a82
2025-09-01 23:53:21.518 [main] INFO  com.zaxxer.hikari.HikariDataSource - HikariPool-1 - Start completed.
2025-09-01 23:53:21.554 [main] WARN  org.hibernate.orm.deprecation - HHH90000025: PostgreSQLDialect does not need to be specified explicitly using 'hibernate.dialect' (remove the property setting and it will be selected by default)
2025-09-01 23:53:21.570 [main] INFO  o.hibernate.orm.connections.pooling - HHH10001005: Database info:
	Database JDBC URL [Connecting through datasource 'HikariDataSource (HikariPool-1)']
	Database driver: undefined/unknown
	Database version: 16.9
	Autocommit mode: undefined/unknown
	Isolation level: undefined/unknown
	Minimum pool size: undefined/unknown
	Maximum pool size: undefined/unknown
2025-09-01 23:53:22.926 [main] INFO  o.h.e.t.j.p.i.JtaPlatformInitiator - HHH000489: No JTA platform available (set 'hibernate.transaction.jta.platform' to enable JTA platform integration)
2025-09-01 23:53:23.274 [main] INFO  o.s.o.j.LocalContainerEntityManagerFactoryBean - Initialized JPA EntityManagerFactory for persistence unit 'default'
2025-09-01 23:53:24.035 [main] INFO  o.s.s.c.a.a.c.InitializeUserDetailsBeanManagerConfigurer$InitializeUserDetailsManagerConfigurer - Global AuthenticationManager configured with UserDetailsService bean with name userDetailsServiceImpl
2025-09-01 23:53:24.071 [main] WARN  o.s.b.a.t.ThymeleafAutoConfiguration$DefaultTemplateResolverConfiguration - Cannot find template location: classpath:/templates/ (please add some templates, check your Thymeleaf configuration, or set spring.thymeleaf.check-template-location=false)
2025-09-01 23:53:24.183 [main] WARN  o.s.b.a.o.j.JpaBaseConfiguration$JpaWebConfiguration - spring.jpa.open-in-view is enabled by default. Therefore, database queries may be performed during view rendering. Explicitly configure spring.jpa.open-in-view to disable this warning
2025-09-01 23:53:24.893 [main] INFO  o.s.b.w.e.tomcat.TomcatWebServer - Tomcat started on port 8080 (http) with context path '/'
2025-09-01 23:53:24.906 [main] INFO  c.e.u.FitZone.FitZoneApplication - Started FitZoneApplication in 7.041 seconds (process running for 7.536)
2025-09-01 23:55:17.082 [SpringApplicationShutdownHook] INFO  o.s.b.w.e.tomcat.GracefulShutdown - Commencing graceful shutdown. Waiting for active requests to complete
2025-09-01 23:55:17.087 [tomcat-shutdown] INFO  o.s.b.w.e.tomcat.GracefulShutdown - Graceful shutdown complete
2025-09-01 23:55:17.093 [SpringApplicationShutdownHook] INFO  o.s.o.j.LocalContainerEntityManagerFactoryBean - Closing JPA EntityManagerFactory for persistence unit 'default'
2025-09-01 23:55:17.097 [SpringApplicationShutdownHook] INFO  com.zaxxer.hikari.HikariDataSource - HikariPool-1 - Shutdown initiated...
2025-09-01 23:55:17.131 [SpringApplicationShutdownHook] INFO  com.zaxxer.hikari.HikariDataSource - HikariPool-1 - Shutdown completed.
2025-09-01 23:55:20.197 [main] INFO  c.e.u.FitZone.FitZoneApplication - Starting FitZoneApplication using Java 21.0.8 with PID 2708 (D:\Software 3\Project-FitZone\FitZone - Backend\target\classes started by garci in D:\Software 3\Project-FitZone\FitZone - Backend)
2025-09-01 23:55:20.199 [main] INFO  c.e.u.FitZone.FitZoneApplication - No active profile set, falling back to 1 default profile: "default"
2025-09-01 23:55:21.437 [main] INFO  o.s.d.r.c.RepositoryConfigurationDelegate - Bootstrapping Spring Data JPA repositories in DEFAULT mode.
2025-09-01 23:55:21.542 [main] INFO  o.s.d.r.c.RepositoryConfigurationDelegate - Finished Spring Data repository scanning in 89 ms. Found 5 JPA repository interfaces.
2025-09-01 23:55:22.269 [main] INFO  o.s.b.w.e.tomcat.TomcatWebServer - Tomcat initialized with port 8080 (http)
2025-09-01 23:55:22.287 [main] INFO  o.a.catalina.core.StandardService - Starting service [Tomcat]
2025-09-01 23:55:22.288 [main] INFO  o.a.catalina.core.StandardEngine - Starting Servlet engine: [Apache Tomcat/10.1.43]
2025-09-01 23:55:22.357 [main] INFO  o.a.c.c.C.[Tomcat].[localhost].[/] - Initializing Spring embedded WebApplicationContext
2025-09-01 23:55:22.357 [main] INFO  o.s.b.w.s.c.ServletWebServerApplicationContext - Root WebApplicationContext: initialization completed in 2107 ms
2025-09-01 23:55:22.591 [main] INFO  o.h.jpa.internal.util.LogHelper - HHH000204: Processing PersistenceUnitInfo [name: default]
2025-09-01 23:55:22.650 [main] INFO  org.hibernate.Version - HHH000412: Hibernate ORM core version 6.6.22.Final
2025-09-01 23:55:22.687 [main] INFO  o.h.c.i.RegionFactoryInitiator - HHH000026: Second-level cache disabled
2025-09-01 23:55:23.502 [main] INFO  o.s.o.j.p.SpringPersistenceUnitInfo - No LoadTimeWeaver setup: ignoring JPA class transformer
2025-09-01 23:55:23.537 [main] INFO  com.zaxxer.hikari.HikariDataSource - HikariPool-1 - Starting...
2025-09-01 23:55:23.729 [main] INFO  com.zaxxer.hikari.pool.HikariPool - HikariPool-1 - Added connection org.postgresql.jdbc.PgConnection@51de5efa
2025-09-01 23:55:23.733 [main] INFO  com.zaxxer.hikari.HikariDataSource - HikariPool-1 - Start completed.
2025-09-01 23:55:23.774 [main] WARN  org.hibernate.orm.deprecation - HHH90000025: PostgreSQLDialect does not need to be specified explicitly using 'hibernate.dialect' (remove the property setting and it will be selected by default)
2025-09-01 23:55:23.797 [main] INFO  o.hibernate.orm.connections.pooling - HHH10001005: Database info:
	Database JDBC URL [Connecting through datasource 'HikariDataSource (HikariPool-1)']
	Database driver: undefined/unknown
	Database version: 16.9
	Autocommit mode: undefined/unknown
	Isolation level: undefined/unknown
	Minimum pool size: undefined/unknown
	Maximum pool size: undefined/unknown
2025-09-01 23:55:25.177 [main] INFO  o.h.e.t.j.p.i.JtaPlatformInitiator - HHH000489: No JTA platform available (set 'hibernate.transaction.jta.platform' to enable JTA platform integration)
2025-09-01 23:55:25.547 [main] INFO  o.s.o.j.LocalContainerEntityManagerFactoryBean - Initialized JPA EntityManagerFactory for persistence unit 'default'
2025-09-01 23:55:26.147 [main] INFO  o.s.s.c.a.a.c.InitializeUserDetailsBeanManagerConfigurer$InitializeUserDetailsManagerConfigurer - Global AuthenticationManager configured with UserDetailsService bean with name userDetailsServiceImpl
2025-09-01 23:55:26.184 [main] WARN  o.s.b.a.t.ThymeleafAutoConfiguration$DefaultTemplateResolverConfiguration - Cannot find template location: classpath:/templates/ (please add some templates, check your Thymeleaf configuration, or set spring.thymeleaf.check-template-location=false)
2025-09-01 23:55:26.311 [main] WARN  o.s.b.a.o.j.JpaBaseConfiguration$JpaWebConfiguration - spring.jpa.open-in-view is enabled by default. Therefore, database queries may be performed during view rendering. Explicitly configure spring.jpa.open-in-view to disable this warning
2025-09-01 23:55:27.074 [main] INFO  o.s.b.w.e.tomcat.TomcatWebServer - Tomcat started on port 8080 (http) with context path '/'
2025-09-01 23:55:27.100 [main] INFO  c.e.u.FitZone.FitZoneApplication - Started FitZoneApplication in 7.616 seconds (process running for 8.268)
2025-09-01 23:56:30.701 [SpringApplicationShutdownHook] INFO  o.s.b.w.e.tomcat.GracefulShutdown - Commencing graceful shutdown. Waiting for active requests to complete
2025-09-01 23:56:30.707 [tomcat-shutdown] INFO  o.s.b.w.e.tomcat.GracefulShutdown - Graceful shutdown complete
2025-09-01 23:56:30.714 [SpringApplicationShutdownHook] INFO  o.s.o.j.LocalContainerEntityManagerFactoryBean - Closing JPA EntityManagerFactory for persistence unit 'default'
2025-09-01 23:56:30.717 [SpringApplicationShutdownHook] INFO  com.zaxxer.hikari.HikariDataSource - HikariPool-1 - Shutdown initiated...
2025-09-01 23:56:30.733 [SpringApplicationShutdownHook] INFO  com.zaxxer.hikari.HikariDataSource - HikariPool-1 - Shutdown completed.
